#
# A fatal error has been detected by the Java Runtime Environment:
#
#  EXCEPTION_ACCESS_VIOLATION (0xc0000005) at pc=0x00007ffe82ce5f14, pid=10984, tid=11092
#
# JRE version: Java(TM) SE Runtime Environment 18.9 (11.0.7+8) (build 11.0.7+8-LTS)
# Java VM: Java HotSpot(TM) 64-Bit Server VM 18.9 (11.0.7+8-LTS, mixed mode, tiered, compressed oops, g1 gc, windows-amd64)
# Problematic frame:
# C  [ntdll.dll+0xa5f14]
#
# No core dump will be written. Minidumps are not enabled by default on client versions of Windows
#
# If you would like to submit a bug report, please visit:
#   https://bugreport.java.com/bugreport/crash.jsp
#

---------------  S U M M A R Y ------------

Command Line: -Dcom.sun.management.jmxremote -Dcom.sun.management.jmxremote.port=56598 -Dcom.sun.management.jmxremote.authenticate=false -Dcom.sun.management.jmxremote.ssl=false -Djava.rmi.server.hostname=localhost -Dspring.jmx.enabled=true -Dspring.liveBeansView.mbeanDomain -Dspring.application.admin.enabled=true -Xverify:none -XX:TieredStopAtLevel=1 -Dspring.boot.project.name=cursomc -Dfile.encoding=UTF-8 com.nelioalves.cursomc.CursomcApplication --spring.output.ansi.enabled=always

Host: Intel(R) Core(TM) i5-8265U CPU @ 1.60GHz, 8 cores, 7G,  Windows 10 , 64 bit Build 18362 (10.0.18362.778)
Time: Fri May  8 09:35:31 2020 Hora oficial do Brasil elapsed time: 0 seconds (0d 0h 0m 0s)

---------------  T H R E A D  ---------------

Current thread (0x0000020da582e000):  JavaThread "main" [_thread_in_vm, id=11092, stack(0x000000b1b4b00000,0x000000b1b4c00000)]

Stack: [0x000000b1b4b00000,0x000000b1b4c00000],  sp=0x000000b1b4bfd730,  free space=1013k
Native frames: (J=compiled Java code, j=interpreted, Vv=VM code, C=native code)
C  [ntdll.dll+0xa5f14]

Java frames: (J=compiled Java code, j=interpreted, Vv=VM code)
j  java.lang.ClassLoader.defineClass1(Ljava/lang/ClassLoader;Ljava/lang/String;[BIILjava/security/ProtectionDomain;Ljava/lang/String;)Ljava/lang/Class;+0 java.base@11.0.7
j  java.lang.ClassLoader.defineClass(Ljava/lang/String;[BIILjava/security/ProtectionDomain;)Ljava/lang/Class;+27 java.base@11.0.7
j  java.security.SecureClassLoader.defineClass(Ljava/lang/String;[BIILjava/security/CodeSource;)Ljava/lang/Class;+12 java.base@11.0.7
j  jdk.internal.loader.BuiltinClassLoader.defineClass(Ljava/lang/String;Ljdk/internal/loader/Resource;)Ljava/lang/Class;+117 java.base@11.0.7
j  jdk.internal.loader.BuiltinClassLoader.findClassOnClassPathOrNull(Ljava/lang/String;)Ljava/lang/Class;+37 java.base@11.0.7
j  jdk.internal.loader.BuiltinClassLoader.loadClassOrNull(Ljava/lang/String;Z)Ljava/lang/Class;+111 java.base@11.0.7
j  jdk.internal.loader.BuiltinClassLoader.loadClass(Ljava/lang/String;Z)Ljava/lang/Class;+3 java.base@11.0.7
j  jdk.internal.loader.ClassLoaders$AppClassLoader.loadClass(Ljava/lang/String;Z)Ljava/lang/Class;+36 java.base@11.0.7
j  java.lang.ClassLoader.loadClass(Ljava/lang/String;)Ljava/lang/Class;+3 java.base@11.0.7
v  ~StubRoutines::call_stub
j  com.nelioalves.cursomc.CursomcApplication.main([Ljava/lang/String;)V+3
v  ~StubRoutines::call_stub

siginfo: EXCEPTION_ACCESS_VIOLATION (0xc0000005), reading address 0x0000001000000017


Register to memory mapping:

RIP=0x00007ffe82ce5f14 ntdll.dll
RAX=0x0000020dc5e12320 points into unknown readable memory: 0f 00 00 00 10 00 00 00
RBX=0x000000100000000f is an unknown value
RCX=0x00000000000017a0 is an unknown value
RDX=0x0000020dc5e13ad0 points into unknown readable memory: 00 78 62 62 62 62 62 62
RSP=0x000000b1b4bfd730 is pointing into the stack for thread: 0x0000020da582e000
RBP=0x0000020da3520000 points into unknown readable memory: 00 00 00 00 00 00 00 00
RSI=0x0000020dc5e13ad0 points into unknown readable memory: 00 78 62 62 62 62 62 62
RDI=0x0 is NULL
R8 =0x0 is NULL
R9 =
[error occurred during error reporting (printing register info), id 0xc0000005, EXCEPTION_ACCESS_VIOLATION (0xc0000005) at pc=0x00007ffe12a14d46]

Registers:
RAX=0x0000020dc5e12320, RBX=0x000000100000000f, RCX=0x00000000000017a0, RDX=0x0000020dc5e13ad0
RSP=0x000000b1b4bfd730, RBP=0x0000020da3520000, RSI=0x0000020dc5e13ad0, RDI=0x0000000000000000
R8 =0x0000000000000000, R9 =0x00000000adea487f, R10=0x0000000000000000, R11=0x000000b1b4bfd720
R12=0x0000000000000000, R13=0x0000020dc5e13ac0, R14=0x0000020dc5ca7f20, R15=0x0000000000000000
RIP=0x00007ffe82ce5f14, EFLAGS=0x0000000000010206

Top of Stack: (sp=0x000000b1b4bfd730)
0x000000b1b4bfd730:   0000020dc5ca7f20 0000020da582ec80
0x000000b1b4bfd740:   000000b1b4bfd7f0 00007ffe80a62596
0x000000b1b4bfd750:   0000000000000002 0000000000000100
0x000000b1b4bfd760:   000000100000000f 0000000000000000
0x000000b1b4bfd770:   000000b1b4bfd7f0 00007ffe12d74ada
0x000000b1b4bfd780:   0000000000000100 00007ffe128f4199
0x000000b1b4bfd790:   0000020dc5e13ad0 0000000000000003
0x000000b1b4bfd7a0:   000000b100000000 0000020da582e000
0x000000b1b4bfd7b0:   0000000100155840 0000020dc5ca7f20
0x000000b1b4bfd7c0:   0000020dc5ca7f00 0000020da582ec80
0x000000b1b4bfd7d0:   0000020dc5e13ad0 00007ffe82c7fb91
0x000000b1b4bfd7e0:   000000b1b4bfd980 0000020da3520000
0x000000b1b4bfd7f0:   0000020da3538750 0000000000000000
0x000000b1b4bfd800:   0000000000000000 00007ffe12c833cb
0x000000b1b4bfd810:   0000020da5829150 00007ffe80a614cb
0x000000b1b4bfd820:   000000b1b4bfd8c0 0000020dc4eacd30 

Instructions: (pc=0x00007ffe82ce5f14)
0x00007ffe82ce5ef4:   00 00 48 c1 e9 0c 49 8b c5 48 2b c1 48 8b 18 48
0x00007ffe82ce5f04:   89 5c 24 30 48 85 db 0f 84 00 05 00 00 0f 0d 0b
0x00007ffe82ce5f14:   4c 8b 43 08 41 8b 45 0c c1 e8 08 0f b7 d0 48 8b
0x00007ffe82ce5f24:   03 4c 89 44 24 48 89 54 24 3c 48 8b 08 41 8b 40 


Stack slot to memory mapping:
stack at sp + 0 slots: 0x0000020dc5ca7f20 points into unknown readable memory: 2a 00 05 00 60 2a 6f 72
stack at sp + 1 slots: 0x0000020da582ec80 points into unknown readable memory: 00 00 00 00 00 00 00 00
stack at sp + 2 slots: 0x000000b1b4bfd7f0 is pointing into the stack for thread: 0x0000020da582e000
stack at sp + 3 slots: 0x00007ffe80a62596 ucrtbase.dll
stack at sp + 4 slots: 0x0000000000000002 is an unknown value
stack at sp + 5 slots: 0x0000000000000100 is an unknown value
stack at sp + 6 slots: 0x000000100000000f is an unknown value
stack at sp + 7 slots: 0x0 is NULL


---------------  P R O C E S S  ---------------

Threads class SMR info:
_java_thread_list=0x0000020dc5e367b0, length=12, elements={
0x0000020da582e000, 0x0000020dc4ca5800, 0x0000020dc4c9e800, 0x0000020dc4cee800,
0x0000020dc4cef000, 0x0000020dc4cf2000, 0x0000020dc4cfa000, 0x0000020dc4ea8000,
0x0000020dc4f24000, 0x0000020dc5de3800, 0x0000020dc5de4000, 0x0000020dc5e3b000
}

Java Threads: ( => current thread )
=>0x0000020da582e000 JavaThread "main" [_thread_in_vm, id=11092, stack(0x000000b1b4b00000,0x000000b1b4c00000)]
  0x0000020dc4ca5800 JavaThread "Reference Handler" daemon [_thread_blocked, id=15848, stack(0x000000b1b5200000,0x000000b1b5300000)]
  0x0000020dc4c9e800 JavaThread "Finalizer" daemon [_thread_blocked, id=1328, stack(0x000000b1b5300000,0x000000b1b5400000)]
  0x0000020dc4cee800 JavaThread "Signal Dispatcher" daemon [_thread_blocked, id=6820, stack(0x000000b1b5400000,0x000000b1b5500000)]
  0x0000020dc4cef000 JavaThread "Attach Listener" daemon [_thread_blocked, id=8080, stack(0x000000b1b5500000,0x000000b1b5600000)]
  0x0000020dc4cf2000 JavaThread "C1 CompilerThread0" daemon [_thread_blocked, id=7048, stack(0x000000b1b5600000,0x000000b1b5700000)]
  0x0000020dc4cfa000 JavaThread "Sweeper thread" daemon [_thread_blocked, id=9912, stack(0x000000b1b5700000,0x000000b1b5800000)]
  0x0000020dc4ea8000 JavaThread "Common-Cleaner" daemon [_thread_blocked, id=6128, stack(0x000000b1b5800000,0x000000b1b5900000)]
  0x0000020dc4f24000 JavaThread "Service Thread" daemon [_thread_blocked, id=13556, stack(0x000000b1b5900000,0x000000b1b5a00000)]
  0x0000020dc5de3800 JavaThread "RMI TCP Accept-0" daemon [_thread_in_native, id=14680, stack(0x000000b1b5a00000,0x000000b1b5b00000)]
  0x0000020dc5de4000 JavaThread "RMI TCP Accept-56598" daemon [_thread_in_native, id=7296, stack(0x000000b1b5b00000,0x000000b1b5c00000)]
  0x0000020dc5e3b000 JavaThread "RMI TCP Accept-0" daemon [_thread_in_native, id=10728, stack(0x000000b1b5e00000,0x000000b1b5f00000)]

Other Threads:
  0x0000020dc4c90800 VMThread "VM Thread" [stack: 0x000000b1b5100000,0x000000b1b5200000] [id=7288]
  0x0000020dc5e44800 WatcherThread [stack: 0x000000b1b5f00000,0x000000b1b6000000] [id=14096]
  0x0000020da5843000 GCTaskThread "GC Thread#0" [stack: 0x000000b1b4c00000,0x000000b1b4d00000] [id=9396]
  0x0000020dc5e09000 GCTaskThread "GC Thread#1" [stack: 0x000000b1b5c00000,0x000000b1b5d00000] [id=12720]
  0x0000020dc5e0d800 GCTaskThread "GC Thread#2" [stack: 0x000000b1b5d00000,0x000000b1b5e00000] [id=16344]
  0x0000020da5877800 ConcurrentGCThread "G1 Main Marker" [stack: 0x000000b1b4d00000,0x000000b1b4e00000] [id=1748]
  0x0000020da587a000 ConcurrentGCThread "G1 Conc#0" [stack: 0x000000b1b4e00000,0x000000b1b4f00000] [id=1256]
  0x0000020da58de800 ConcurrentGCThread "G1 Refine#0" [stack: 0x000000b1b4f00000,0x000000b1b5000000] [id=12908]
  0x0000020dc42da000 ConcurrentGCThread "G1 Young RemSet Sampling" [stack: 0x000000b1b5000000,0x000000b1b5100000] [id=15612]

Threads with active compile tasks:

VM state:not at safepoint (normal execution)

VM Mutex/Monitor currently owned by a thread: None

Heap address: 0x0000000082400000, size: 2012 MB, Compressed Oops mode: 32-bit
Narrow klass base: 0x0000000000000000, Narrow klass shift: 3
Compressed class space size: 1073741824 Address: 0x0000000100000000

Heap:
 garbage-first heap   total 129024K, used 19071K [0x0000000082400000, 0x0000000100000000)
  region size 1024K, 5 young (5120K), 3 survivors (3072K)
 Metaspace       used 11976K, capacity 12331K, committed 12416K, reserved 1060864K
  class space    used 1264K, capacity 1368K, committed 1408K, reserved 1048576K
Heap Regions: E=young(eden), S=young(survivor), O=old, HS=humongous(starts), HC=humongous(continues), CS=collection set, F=free, A=archive, TAMS=top-at-mark-start (previous, next)
|   0|0x0000000082400000, 0x0000000082500000, 0x0000000082500000|100%| O|  |TAMS 0x0000000082400000, 0x0000000082400000| Untracked 
|   1|0x0000000082500000, 0x0000000082600000, 0x0000000082600000|100%| O|  |TAMS 0x0000000082500000, 0x0000000082500000| Untracked 
|   2|0x0000000082600000, 0x0000000082700000, 0x0000000082700000|100%| O|  |TAMS 0x0000000082600000, 0x0000000082600000| Untracked 
|   3|0x0000000082700000, 0x0000000082800000, 0x0000000082800000|100%| O|  |TAMS 0x0000000082700000, 0x0000000082700000| Untracked 
|   4|0x0000000082800000, 0x0000000082900000, 0x0000000082900000|100%| O|  |TAMS 0x0000000082800000, 0x0000000082800000| Untracked 
|   5|0x0000000082900000, 0x0000000082a00000, 0x0000000082a00000|100%| O|  |TAMS 0x0000000082900000, 0x0000000082900000| Untracked 
|   6|0x0000000082a00000, 0x0000000082b00000, 0x0000000082b00000|100%| O|  |TAMS 0x0000000082a00000, 0x0000000082a00000| Untracked 
|   7|0x0000000082b00000, 0x0000000082c00000, 0x0000000082c00000|100%| O|  |TAMS 0x0000000082b00000, 0x0000000082b00000| Untracked 
|   8|0x0000000082c00000, 0x0000000082d00000, 0x0000000082d00000|100%| O|  |TAMS 0x0000000082c00000, 0x0000000082c00000| Untracked 
|   9|0x0000000082d00000, 0x0000000082e00000, 0x0000000082e00000|100%| O|  |TAMS 0x0000000082d00000, 0x0000000082d00000| Untracked 
|  10|0x0000000082e00000, 0x0000000082f00000, 0x0000000082f00000|100%| O|  |TAMS 0x0000000082e00000, 0x0000000082e00000| Untracked 
|  11|0x0000000082f00000, 0x0000000083000000, 0x0000000083000000|100%| O|  |TAMS 0x0000000082f00000, 0x0000000082f00000| Untracked 
|  12|0x0000000083000000, 0x0000000083100000, 0x0000000083100000|100%| O|  |TAMS 0x0000000083000000, 0x0000000083000000| Untracked 
|  13|0x0000000083100000, 0x0000000083200000, 0x0000000083200000|100%| O|  |TAMS 0x0000000083100000, 0x0000000083100000| Untracked 
|  14|0x0000000083200000, 0x000000008329fc00, 0x0000000083300000| 62%| O|  |TAMS 0x0000000083200000, 0x0000000083200000| Untracked 
|  15|0x0000000083300000, 0x0000000083300000, 0x0000000083400000|  0%| F|  |TAMS 0x0000000083300000, 0x0000000083300000| Untracked 
|  16|0x0000000083400000, 0x0000000083400000, 0x0000000083500000|  0%| F|  |TAMS 0x0000000083400000, 0x0000000083400000| Untracked 
|  17|0x0000000083500000, 0x0000000083500000, 0x0000000083600000|  0%| F|  |TAMS 0x0000000083500000, 0x0000000083500000| Untracked 
|  18|0x0000000083600000, 0x0000000083600000, 0x0000000083700000|  0%| F|  |TAMS 0x0000000083600000, 0x0000000083600000| Untracked 
|  19|0x0000000083700000, 0x0000000083700000, 0x0000000083800000|  0%| F|  |TAMS 0x0000000083700000, 0x0000000083700000| Untracked 
|  20|0x0000000083800000, 0x0000000083800000, 0x0000000083900000|  0%| F|  |TAMS 0x0000000083800000, 0x0000000083800000| Untracked 
|  21|0x0000000083900000, 0x0000000083900000, 0x0000000083a00000|  0%| F|  |TAMS 0x0000000083900000, 0x0000000083900000| Untracked 
|  22|0x0000000083a00000, 0x0000000083a00000, 0x0000000083b00000|  0%| F|  |TAMS 0x0000000083a00000, 0x0000000083a00000| Untracked 
|  23|0x0000000083b00000, 0x0000000083b00000, 0x0000000083c00000|  0%| F|  |TAMS 0x0000000083b00000, 0x0000000083b00000| Untracked 
|  24|0x0000000083c00000, 0x0000000083c00000, 0x0000000083d00000|  0%| F|  |TAMS 0x0000000083c00000, 0x0000000083c00000| Untracked 
|  25|0x0000000083d00000, 0x0000000083d00000, 0x0000000083e00000|  0%| F|  |TAMS 0x0000000083d00000, 0x0000000083d00000| Untracked 
|  26|0x0000000083e00000, 0x0000000083e00000, 0x0000000083f00000|  0%| F|  |TAMS 0x0000000083e00000, 0x0000000083e00000| Untracked 
|  27|0x0000000083f00000, 0x0000000083f00000, 0x0000000084000000|  0%| F|  |TAMS 0x0000000083f00000, 0x0000000083f00000| Untracked 
|  28|0x0000000084000000, 0x0000000084000000, 0x0000000084100000|  0%| F|  |TAMS 0x0000000084000000, 0x0000000084000000| Untracked 
|  29|0x0000000084100000, 0x0000000084100000, 0x0000000084200000|  0%| F|  |TAMS 0x0000000084100000, 0x0000000084100000| Untracked 
|  30|0x0000000084200000, 0x0000000084200000, 0x0000000084300000|  0%| F|  |TAMS 0x0000000084200000, 0x0000000084200000| Untracked 
|  31|0x0000000084300000, 0x0000000084300000, 0x0000000084400000|  0%| F|  |TAMS 0x0000000084300000, 0x0000000084300000| Untracked 
|  32|0x0000000084400000, 0x0000000084400000, 0x0000000084500000|  0%| F|  |TAMS 0x0000000084400000, 0x0000000084400000| Untracked 
|  33|0x0000000084500000, 0x0000000084500000, 0x0000000084600000|  0%| F|  |TAMS 0x0000000084500000, 0x0000000084500000| Untracked 
|  34|0x0000000084600000, 0x0000000084600000, 0x0000000084700000|  0%| F|  |TAMS 0x0000000084600000, 0x0000000084600000| Untracked 
|  35|0x0000000084700000, 0x0000000084700000, 0x0000000084800000|  0%| F|  |TAMS 0x0000000084700000, 0x0000000084700000| Untracked 
|  36|0x0000000084800000, 0x0000000084800000, 0x0000000084900000|  0%| F|  |TAMS 0x0000000084800000, 0x0000000084800000| Untracked 
|  37|0x0000000084900000, 0x0000000084900000, 0x0000000084a00000|  0%| F|  |TAMS 0x0000000084900000, 0x0000000084900000| Untracked 
|  38|0x0000000084a00000, 0x0000000084a00000, 0x0000000084b00000|  0%| F|  |TAMS 0x0000000084a00000, 0x0000000084a00000| Untracked 
|  39|0x0000000084b00000, 0x0000000084b00000, 0x0000000084c00000|  0%| F|  |TAMS 0x0000000084b00000, 0x0000000084b00000| Untracked 
|  40|0x0000000084c00000, 0x0000000084c00000, 0x0000000084d00000|  0%| F|  |TAMS 0x0000000084c00000, 0x0000000084c00000| Untracked 
|  41|0x0000000084d00000, 0x0000000084d00000, 0x0000000084e00000|  0%| F|  |TAMS 0x0000000084d00000, 0x0000000084d00000| Untracked 
|  42|0x0000000084e00000, 0x0000000084e00000, 0x0000000084f00000|  0%| F|  |TAMS 0x0000000084e00000, 0x0000000084e00000| Untracked 
|  43|0x0000000084f00000, 0x0000000084f00000, 0x0000000085000000|  0%| F|  |TAMS 0x0000000084f00000, 0x0000000084f00000| Untracked 
|  44|0x0000000085000000, 0x0000000085000000, 0x0000000085100000|  0%| F|  |TAMS 0x0000000085000000, 0x0000000085000000| Untracked 
|  45|0x0000000085100000, 0x0000000085100000, 0x0000000085200000|  0%| F|  |TAMS 0x0000000085100000, 0x0000000085100000| Untracked 
|  46|0x0000000085200000, 0x0000000085200000, 0x0000000085300000|  0%| F|  |TAMS 0x0000000085200000, 0x0000000085200000| Untracked 
|  47|0x0000000085300000, 0x0000000085300000, 0x0000000085400000|  0%| F|  |TAMS 0x0000000085300000, 0x0000000085300000| Untracked 
|  48|0x0000000085400000, 0x0000000085400000, 0x0000000085500000|  0%| F|  |TAMS 0x0000000085400000, 0x0000000085400000| Untracked 
|  49|0x0000000085500000, 0x0000000085500000, 0x0000000085600000|  0%| F|  |TAMS 0x0000000085500000, 0x0000000085500000| Untracked 
|  50|0x0000000085600000, 0x0000000085600000, 0x0000000085700000|  0%| F|  |TAMS 0x0000000085600000, 0x0000000085600000| Untracked 
|  51|0x0000000085700000, 0x0000000085700000, 0x0000000085800000|  0%| F|  |TAMS 0x0000000085700000, 0x0000000085700000| Untracked 
|  52|0x0000000085800000, 0x0000000085800000, 0x0000000085900000|  0%| F|  |TAMS 0x0000000085800000, 0x0000000085800000| Untracked 
|  53|0x0000000085900000, 0x0000000085900000, 0x0000000085a00000|  0%| F|  |TAMS 0x0000000085900000, 0x0000000085900000| Untracked 
|  54|0x0000000085a00000, 0x0000000085a00000, 0x0000000085b00000|  0%| F|  |TAMS 0x0000000085a00000, 0x0000000085a00000| Untracked 
|  55|0x0000000085b00000, 0x0000000085b00000, 0x0000000085c00000|  0%| F|  |TAMS 0x0000000085b00000, 0x0000000085b00000| Untracked 
|  56|0x0000000085c00000, 0x0000000085c00000, 0x0000000085d00000|  0%| F|  |TAMS 0x0000000085c00000, 0x0000000085c00000| Untracked 
|  57|0x0000000085d00000, 0x0000000085d00000, 0x0000000085e00000|  0%| F|  |TAMS 0x0000000085d00000, 0x0000000085d00000| Untracked 
|  58|0x0000000085e00000, 0x0000000085e00000, 0x0000000085f00000|  0%| F|  |TAMS 0x0000000085e00000, 0x0000000085e00000| Untracked 
|  59|0x0000000085f00000, 0x0000000085f00000, 0x0000000086000000|  0%| F|  |TAMS 0x0000000085f00000, 0x0000000085f00000| Untracked 
|  60|0x0000000086000000, 0x0000000086000000, 0x0000000086100000|  0%| F|  |TAMS 0x0000000086000000, 0x0000000086000000| Untracked 
|  61|0x0000000086100000, 0x0000000086100000, 0x0000000086200000|  0%| F|  |TAMS 0x0000000086100000, 0x0000000086100000| Untracked 
|  62|0x0000000086200000, 0x0000000086200000, 0x0000000086300000|  0%| F|  |TAMS 0x0000000086200000, 0x0000000086200000| Untracked 
|  63|0x0000000086300000, 0x0000000086300000, 0x0000000086400000|  0%| F|  |TAMS 0x0000000086300000, 0x0000000086300000| Untracked 
|  64|0x0000000086400000, 0x0000000086400000, 0x0000000086500000|  0%| F|  |TAMS 0x0000000086400000, 0x0000000086400000| Untracked 
|  65|0x0000000086500000, 0x0000000086500000, 0x0000000086600000|  0%| F|  |TAMS 0x0000000086500000, 0x0000000086500000| Untracked 
|  66|0x0000000086600000, 0x0000000086600000, 0x0000000086700000|  0%| F|  |TAMS 0x0000000086600000, 0x0000000086600000| Untracked 
|  67|0x0000000086700000, 0x0000000086700000, 0x0000000086800000|  0%| F|  |TAMS 0x0000000086700000, 0x0000000086700000| Untracked 
|  68|0x0000000086800000, 0x0000000086800000, 0x0000000086900000|  0%| F|  |TAMS 0x0000000086800000, 0x0000000086800000| Untracked 
|  69|0x0000000086900000, 0x0000000086900000, 0x0000000086a00000|  0%| F|  |TAMS 0x0000000086900000, 0x0000000086900000| Untracked 
|  70|0x0000000086a00000, 0x0000000086a00000, 0x0000000086b00000|  0%| F|  |TAMS 0x0000000086a00000, 0x0000000086a00000| Untracked 
|  71|0x0000000086b00000, 0x0000000086b00000, 0x0000000086c00000|  0%| F|  |TAMS 0x0000000086b00000, 0x0000000086b00000| Untracked 
|  72|0x0000000086c00000, 0x0000000086c00000, 0x0000000086d00000|  0%| F|  |TAMS 0x0000000086c00000, 0x0000000086c00000| Untracked 
|  73|0x0000000086d00000, 0x0000000086d00000, 0x0000000086e00000|  0%| F|  |TAMS 0x0000000086d00000, 0x0000000086d00000| Untracked 
|  74|0x0000000086e00000, 0x0000000086e00000, 0x0000000086f00000|  0%| F|  |TAMS 0x0000000086e00000, 0x0000000086e00000| Untracked 
|  75|0x0000000086f00000, 0x0000000086f00000, 0x0000000087000000|  0%| F|  |TAMS 0x0000000086f00000, 0x0000000086f00000| Untracked 
|  76|0x0000000087000000, 0x0000000087000000, 0x0000000087100000|  0%| F|  |TAMS 0x0000000087000000, 0x0000000087000000| Untracked 
|  77|0x0000000087100000, 0x0000000087100000, 0x0000000087200000|  0%| F|  |TAMS 0x0000000087100000, 0x0000000087100000| Untracked 
|  78|0x0000000087200000, 0x0000000087200000, 0x0000000087300000|  0%| F|  |TAMS 0x0000000087200000, 0x0000000087200000| Untracked 
|  79|0x0000000087300000, 0x0000000087300000, 0x0000000087400000|  0%| F|  |TAMS 0x0000000087300000, 0x0000000087300000| Untracked 
|  80|0x0000000087400000, 0x0000000087400000, 0x0000000087500000|  0%| F|  |TAMS 0x0000000087400000, 0x0000000087400000| Untracked 
|  81|0x0000000087500000, 0x0000000087500000, 0x0000000087600000|  0%| F|  |TAMS 0x0000000087500000, 0x0000000087500000| Untracked 
|  82|0x0000000087600000, 0x0000000087600000, 0x0000000087700000|  0%| F|  |TAMS 0x0000000087600000, 0x0000000087600000| Untracked 
|  83|0x0000000087700000, 0x0000000087700000, 0x0000000087800000|  0%| F|  |TAMS 0x0000000087700000, 0x0000000087700000| Untracked 
|  84|0x0000000087800000, 0x0000000087800000, 0x0000000087900000|  0%| F|  |TAMS 0x0000000087800000, 0x0000000087800000| Untracked 
|  85|0x0000000087900000, 0x0000000087900000, 0x0000000087a00000|  0%| F|  |TAMS 0x0000000087900000, 0x0000000087900000| Untracked 
|  86|0x0000000087a00000, 0x0000000087a00000, 0x0000000087b00000|  0%| F|  |TAMS 0x0000000087a00000, 0x0000000087a00000| Untracked 
|  87|0x0000000087b00000, 0x0000000087b00000, 0x0000000087c00000|  0%| F|  |TAMS 0x0000000087b00000, 0x0000000087b00000| Untracked 
|  88|0x0000000087c00000, 0x0000000087c00000, 0x0000000087d00000|  0%| F|  |TAMS 0x0000000087c00000, 0x0000000087c00000| Untracked 
|  89|0x0000000087d00000, 0x0000000087d00000, 0x0000000087e00000|  0%| F|  |TAMS 0x0000000087d00000, 0x0000000087d00000| Untracked 
|  90|0x0000000087e00000, 0x0000000087e00000, 0x0000000087f00000|  0%| F|  |TAMS 0x0000000087e00000, 0x0000000087e00000| Untracked 
|  91|0x0000000087f00000, 0x0000000087f00000, 0x0000000088000000|  0%| F|  |TAMS 0x0000000087f00000, 0x0000000087f00000| Untracked 
|  92|0x0000000088000000, 0x0000000088000000, 0x0000000088100000|  0%| F|  |TAMS 0x0000000088000000, 0x0000000088000000| Untracked 
|  93|0x0000000088100000, 0x0000000088100000, 0x0000000088200000|  0%| F|  |TAMS 0x0000000088100000, 0x0000000088100000| Untracked 
|  94|0x0000000088200000, 0x0000000088200000, 0x0000000088300000|  0%| F|  |TAMS 0x0000000088200000, 0x0000000088200000| Untracked 
|  95|0x0000000088300000, 0x0000000088300000, 0x0000000088400000|  0%| F|  |TAMS 0x0000000088300000, 0x0000000088300000| Untracked 
|  96|0x0000000088400000, 0x0000000088400000, 0x0000000088500000|  0%| F|  |TAMS 0x0000000088400000, 0x0000000088400000| Untracked 
|  97|0x0000000088500000, 0x0000000088500000, 0x0000000088600000|  0%| F|  |TAMS 0x0000000088500000, 0x0000000088500000| Untracked 
|  98|0x0000000088600000, 0x0000000088600000, 0x0000000088700000|  0%| F|  |TAMS 0x0000000088600000, 0x0000000088600000| Untracked 
|  99|0x0000000088700000, 0x0000000088800000, 0x0000000088800000|100%| S|CS|TAMS 0x0000000088700000, 0x0000000088700000| Complete 
| 100|0x0000000088800000, 0x0000000088900000, 0x0000000088900000|100%| S|CS|TAMS 0x0000000088800000, 0x0000000088800000| Complete 
| 101|0x0000000088900000, 0x0000000088a00000, 0x0000000088a00000|100%| S|CS|TAMS 0x0000000088900000, 0x0000000088900000| Complete 
| 102|0x0000000088a00000, 0x0000000088a00000, 0x0000000088b00000|  0%| F|  |TAMS 0x0000000088a00000, 0x0000000088a00000| Untracked 
| 103|0x0000000088b00000, 0x0000000088b00000, 0x0000000088c00000|  0%| F|  |TAMS 0x0000000088b00000, 0x0000000088b00000| Untracked 
| 104|0x0000000088c00000, 0x0000000088c00000, 0x0000000088d00000|  0%| F|  |TAMS 0x0000000088c00000, 0x0000000088c00000| Untracked 
| 105|0x0000000088d00000, 0x0000000088d00000, 0x0000000088e00000|  0%| F|  |TAMS 0x0000000088d00000, 0x0000000088d00000| Untracked 
| 106|0x0000000088e00000, 0x0000000088e00000, 0x0000000088f00000|  0%| F|  |TAMS 0x0000000088e00000, 0x0000000088e00000| Untracked 
| 107|0x0000000088f00000, 0x0000000088f00000, 0x0000000089000000|  0%| F|  |TAMS 0x0000000088f00000, 0x0000000088f00000| Untracked 
| 108|0x0000000089000000, 0x0000000089000000, 0x0000000089100000|  0%| F|  |TAMS 0x0000000089000000, 0x0000000089000000| Untracked 
| 109|0x0000000089100000, 0x0000000089100000, 0x0000000089200000|  0%| F|  |TAMS 0x0000000089100000, 0x0000000089100000| Untracked 
| 110|0x0000000089200000, 0x0000000089200000, 0x0000000089300000|  0%| F|  |TAMS 0x0000000089200000, 0x0000000089200000| Untracked 
| 111|0x0000000089300000, 0x0000000089300000, 0x0000000089400000|  0%| F|  |TAMS 0x0000000089300000, 0x0000000089300000| Untracked 
| 112|0x0000000089400000, 0x0000000089400000, 0x0000000089500000|  0%| F|  |TAMS 0x0000000089400000, 0x0000000089400000| Untracked 
| 113|0x0000000089500000, 0x0000000089500000, 0x0000000089600000|  0%| F|  |TAMS 0x0000000089500000, 0x0000000089500000| Untracked 
| 114|0x0000000089600000, 0x0000000089600000, 0x0000000089700000|  0%| F|  |TAMS 0x0000000089600000, 0x0000000089600000| Untracked 
| 115|0x0000000089700000, 0x0000000089700000, 0x0000000089800000|  0%| F|  |TAMS 0x0000000089700000, 0x0000000089700000| Untracked 
| 116|0x0000000089800000, 0x0000000089800000, 0x0000000089900000|  0%| F|  |TAMS 0x0000000089800000, 0x0000000089800000| Untracked 
| 117|0x0000000089900000, 0x0000000089900000, 0x0000000089a00000|  0%| F|  |TAMS 0x0000000089900000, 0x0000000089900000| Untracked 
| 118|0x0000000089a00000, 0x0000000089a00000, 0x0000000089b00000|  0%| F|  |TAMS 0x0000000089a00000, 0x0000000089a00000| Untracked 
| 119|0x0000000089b00000, 0x0000000089b00000, 0x0000000089c00000|  0%| F|  |TAMS 0x0000000089b00000, 0x0000000089b00000| Untracked 
| 120|0x0000000089c00000, 0x0000000089c00000, 0x0000000089d00000|  0%| F|  |TAMS 0x0000000089c00000, 0x0000000089c00000| Untracked 
| 121|0x0000000089d00000, 0x0000000089d00000, 0x0000000089e00000|  0%| F|  |TAMS 0x0000000089d00000, 0x0000000089d00000| Untracked 
| 122|0x0000000089e00000, 0x0000000089e00000, 0x0000000089f00000|  0%| F|  |TAMS 0x0000000089e00000, 0x0000000089e00000| Untracked 
| 123|0x0000000089f00000, 0x0000000089f00000, 0x000000008a000000|  0%| F|  |TAMS 0x0000000089f00000, 0x0000000089f00000| Untracked 
| 124|0x000000008a000000, 0x000000008a051bf0, 0x000000008a100000| 31%| E|  |TAMS 0x000000008a000000, 0x000000008a000000| Complete 
| 125|0x000000008a100000, 0x000000008a200000, 0x000000008a200000|100%| E|CS|TAMS 0x000000008a100000, 0x000000008a100000| Complete 

Card table byte_map: [0x0000020dbd330000,0x0000020dbd720000] _byte_map_base: 0x0000020dbcf1e000

Marking Bits (Prev, Next): (CMBitMap*) 0x0000020da586f1c8, (CMBitMap*) 0x0000020da586f200
 Prev Bits: [0x0000020dbdb10000, 0x0000020dbfa80000)
 Next Bits: [0x0000020dbfa80000, 0x0000020dc19f0000)

Polling page: 0x0000020da3750000

Metaspace:

Usage:
  Non-class:     10.71 MB capacity,    10.46 MB ( 98%) used,   221.49 KB (  2%) free+waste,    29.50 KB ( <1%) overhead. 
      Class:      1.34 MB capacity,     1.23 MB ( 92%) used,    89.30 KB (  7%) free+waste,    14.63 KB (  1%) overhead. 
       Both:     12.04 MB capacity,    11.70 MB ( 97%) used,   310.79 KB (  3%) free+waste,    44.13 KB ( <1%) overhead. 

Virtual space:
  Non-class space:       12.00 MB reserved,      10.75 MB ( 90%) committed 
      Class space:        1.00 GB reserved,       1.38 MB ( <1%) committed 
             Both:        1.01 GB reserved,      12.13 MB (  1%) committed 

Chunk freelists:
   Non-Class:  5.63 KB
       Class:  0 bytes
        Both:  5.63 KB

CodeHeap 'non-profiled nmethods': size=238336Kb used=1487Kb max_used=1487Kb free=236848Kb
 bounds [0x0000020dae350000, 0x0000020dae5c0000, 0x0000020dbcc10000]
CodeHeap 'non-nmethods': size=7424Kb used=1096Kb max_used=1096Kb free=6327Kb
 bounds [0x0000020dadc10000, 0x0000020dade80000, 0x0000020dae350000]
 total_blobs=1493 nmethods=1079 adapters=325
 compilation: enabled
              stopped_count=0, restarted_count=0
 full_count=0

Compilation events (10 events):
Event: 0.795 Thread 0x0000020dc4cf2000 1069       1       java.lang.invoke.BoundMethodHandle$Specializer$Factory::chooseFieldName (25 bytes)
Event: 0.795 Thread 0x0000020dc4cf2000 nmethod 1069 0x0000020dae4be090 code [0x0000020dae4be2e0, 0x0000020dae4be800]
Event: 0.795 Thread 0x0000020dc4cf2000 1070       1       java.lang.invoke.ClassSpecializer$Factory::chooseFieldName (32 bytes)
Event: 0.796 Thread 0x0000020dc4cf2000 nmethod 1070 0x0000020dae4bed10 code [0x0000020dae4bef20, 0x0000020dae4bf340]
Event: 0.796 Thread 0x0000020dc4cf2000 1074       1       java.lang.invoke.MethodHandles$Lookup::checkField (56 bytes)
Event: 0.796 Thread 0x0000020dc4cf2000 nmethod 1074 0x0000020dae4bf990 code [0x0000020dae4bfb40, 0x0000020dae4bfd20]
Event: 0.796 Thread 0x0000020dc4cf2000 1078   !   1       java.util.concurrent.ConcurrentHashMap::computeIfAbsent (576 bytes)
Event: 0.798 Thread 0x0000020dc4cf2000 nmethod 1078 0x0000020dae4bfe10 code [0x0000020dae4c0120, 0x0000020dae4c16f0]
Event: 0.798 Thread 0x0000020dc4cf2000 1079  s!   1       jdk.internal.loader.URLClassPath::getLoader (194 bytes)
Event: 0.799 Thread 0x0000020dc4cf2000 nmethod 1079 0x0000020dae4c2390 code [0x0000020dae4c2640, 0x0000020dae4c33d0]

GC Heap History (2 events):
Event: 0.766 GC heap before
{Heap before GC invocations=0 (full 0):
 garbage-first heap   total 129024K, used 23552K [0x0000000082400000, 0x0000000100000000)
  region size 1024K, 24 young (24576K), 0 survivors (0K)
 Metaspace       used 11046K, capacity 11316K, committed 11520K, reserved 1058816K
  class space    used 1157K, capacity 1263K, committed 1280K, reserved 1048576K
}
Event: 0.775 GC heap after
{Heap after GC invocations=1 (full 0):
 garbage-first heap   total 129024K, used 18047K [0x0000000082400000, 0x0000000100000000)
  region size 1024K, 3 young (3072K), 3 survivors (3072K)
 Metaspace       used 11046K, capacity 11316K, committed 11520K, reserved 1058816K
  class space    used 1157K, capacity 1263K, committed 1280K, reserved 1048576K
}

Deoptimization events (0 events):
No events

Classes redefined (0 events):
No events

Internal exceptions (10 events):
Event: 0.574 Thread 0x0000020da582e000 Exception <a 'java/lang/NoSuchMethodError'{0x0000000088bacae0}: java.lang.invoke.DirectMethodHandle$Holder.invokeSpecialIFC(Ljava/lang/Object;Ljava/lang/Object;Ljava/lang/Object;)I> (0x0000000088bacae0) thrown at [./open/src/hotspot/share/interpreter/link
Event: 0.587 Thread 0x0000020da582e000 Exception <a 'java/lang/NoSuchMethodError'{0x0000000088a13bf0}: java.lang.invoke.DirectMethodHandle$Holder.invokeStatic(Ljava/lang/Object;IIII)Ljava/lang/Object;> (0x0000000088a13bf0) thrown at [./open/src/hotspot/share/interpreter/linkResolver.cpp, line 
Event: 0.587 Thread 0x0000020da582e000 Exception <a 'java/lang/NoSuchMethodError'{0x0000000088a16d08}: java.lang.invoke.DirectMethodHandle$Holder.invokeStaticInit(Ljava/lang/Object;IIII)Ljava/lang/Object;> (0x0000000088a16d08) thrown at [./open/src/hotspot/share/interpreter/linkResolver.cpp, l
Event: 0.745 Thread 0x0000020da582e000 Exception <a 'java/lang/NoSuchMethodError'{0x0000000088a96d08}: java.lang.invoke.DirectMethodHandle$Holder.invokeStatic(Ljava/lang/Object;Ljava/lang/Object;IIII)Ljava/lang/Object;> (0x0000000088a96d08) thrown at [./open/src/hotspot/share/interpreter/linkR
Event: 0.745 Thread 0x0000020da582e000 Exception <a 'java/lang/NoSuchMethodError'{0x0000000088a9a050}: java.lang.invoke.DirectMethodHandle$Holder.invokeStaticInit(Ljava/lang/Object;Ljava/lang/Object;IIII)Ljava/lang/Object;> (0x0000000088a9a050) thrown at [./open/src/hotspot/share/interpreter/l
Event: 0.752 Thread 0x0000020da582e000 Exception <a 'java/lang/ClassNotFoundException'{0x0000000088ab75b0}: javax/management/remote/rmi/RMIServerImpl_Skel> (0x0000000088ab75b0) thrown at [./open/src/hotspot/share/classfile/systemDictionary.cpp, line 228]
Event: 0.788 Thread 0x0000020da582e000 Exception <a 'java/lang/ClassNotFoundException'{0x000000008a1506f8}: jdk/internal/agent/resources/spi/agentProvider> (0x000000008a1506f8) thrown at [./open/src/hotspot/share/classfile/systemDictionary.cpp, line 228]
Event: 0.794 Thread 0x0000020da582e000 Exception <a 'java/lang/NoSuchMethodError'{0x000000008a1a63e8}: java.lang.invoke.DirectMethodHandle$Holder.invokeStatic(Ljava/lang/Object;Ljava/lang/Object;Ljava/lang/Object;Ljava/lang/Object;Ljava/lang/Object;Ljava/lang/Object;Ljava/lang/Object;Ljava/lan
Event: 0.794 Thread 0x0000020da582e000 Exception <a 'java/lang/NoSuchMethodError'{0x000000008a1b2da8}: java.lang.invoke.DirectMethodHandle$Holder.invokeStatic(Ljava/lang/Object;Ljava/lang/Object;Ljava/lang/Object;Ljava/lang/Object;Ljava/lang/Object;Ljava/lang/Object;Ljava/lang/Object;Ljava/lan
Event: 0.796 Thread 0x0000020da582e000 Exception <a 'java/lang/NoSuchMethodError'{0x000000008a1cca30}: java.lang.invoke.DelegatingMethodHandle$Holder.reinvoke_L(Ljava/lang/Object;ILjava/lang/Object;)Ljava/lang/Object;> (0x000000008a1cca30) thrown at [./open/src/hotspot/share/interpreter/linkRe

Events (10 events):
Event: 0.801 loading class java/lang/Package$VersionInfo
Event: 0.801 loading class java/lang/Package$VersionInfo done
Event: 0.804 loading class sun/nio/ByteBuffered
Event: 0.805 loading class sun/nio/ByteBuffered done
Event: 0.805 loading class org/springframework/boot/CommandLineRunner
Event: 0.805 loading class org/springframework/boot/CommandLineRunner done
Event: 0.805 loading class jdk/internal/loader/URLClassPath$JarLoader$2
Event: 0.805 loading class jdk/internal/loader/URLClassPath$JarLoader$2 done
Event: 0.806 loading class org/springframework/boot/SpringApplication
Event: 0.806 loading class org/springframework/boot/SpringApplication done


Dynamic libraries:
0x00007ff69df10000 - 0x00007ff69df57000 	C:\Program Files\Java\jdk-11.0.7\bin\javaw.exe
0x00007ffe82c40000 - 0x00007ffe82e30000 	C:\Windows\SYSTEM32\ntdll.dll
0x00007ffe6a500000 - 0x00007ffe6a513000 	C:\Program Files\Avast Software\Avast\aswhook.dll
0x00007ffe81be0000 - 0x00007ffe81c92000 	C:\Windows\System32\KERNEL32.DLL
0x00007ffe7fca0000 - 0x00007ffe7ff43000 	C:\Windows\System32\KERNELBASE.dll
0x00007ffe7ddb0000 - 0x00007ffe7de3f000 	C:\Windows\SYSTEM32\apphelp.dll
0x00007ffe81dd0000 - 0x00007ffe81e73000 	C:\Windows\System32\ADVAPI32.dll
0x00007ffe81f20000 - 0x00007ffe81fbe000 	C:\Windows\System32\msvcrt.dll
0x00007ffe81e80000 - 0x00007ffe81f17000 	C:\Windows\System32\sechost.dll
0x00007ffe812c0000 - 0x00007ffe813e0000 	C:\Windows\System32\RPCRT4.dll
0x00007ffe821c0000 - 0x00007ffe82354000 	C:\Windows\System32\USER32.dll
0x00007ffe80180000 - 0x00007ffe801a1000 	C:\Windows\System32\win32u.dll
0x00007ffe81060000 - 0x00007ffe81086000 	C:\Windows\System32\GDI32.dll
0x00007ffe80b50000 - 0x00007ffe80ce4000 	C:\Windows\System32\gdi32full.dll
0x00007ffe801b0000 - 0x00007ffe8024e000 	C:\Windows\System32\msvcp_win.dll
0x00007ffe80a50000 - 0x00007ffe80b4a000 	C:\Windows\System32\ucrtbase.dll
0x00007ffe63830000 - 0x00007ffe63ab5000 	C:\Windows\WinSxS\amd64_microsoft.windows.common-controls_6595b64144ccf1df_6.0.18362.778_none_e6c6b761130d4fb8\COMCTL32.dll
0x00007ffe818a0000 - 0x00007ffe81bd6000 	C:\Windows\System32\combase.dll
0x00007ffe80250000 - 0x00007ffe802d0000 	C:\Windows\System32\bcryptPrimitives.dll
0x00007ffe7a520000 - 0x00007ffe7a52a000 	C:\Windows\SYSTEM32\VERSION.dll
0x00007ffe81860000 - 0x00007ffe8188e000 	C:\Windows\System32\IMM32.DLL
0x00007ffe5bd60000 - 0x00007ffe5bd76000 	C:\Program Files\Java\jdk-11.0.7\bin\vcruntime140.dll
0x00007ffe55e80000 - 0x00007ffe55f2a000 	C:\Program Files\Java\jdk-11.0.7\bin\msvcp140.dll
0x00007ffe12720000 - 0x00007ffe13281000 	C:\Program Files\Java\jdk-11.0.7\bin\server\jvm.dll
0x00007ffe81ca0000 - 0x00007ffe81ca8000 	C:\Windows\System32\PSAPI.DLL
0x00007ffe70d10000 - 0x00007ffe70d19000 	C:\Windows\SYSTEM32\WSOCK32.dll
0x00007ffe81cb0000 - 0x00007ffe81d1f000 	C:\Windows\System32\WS2_32.dll
0x00007ffe7db50000 - 0x00007ffe7db74000 	C:\Windows\SYSTEM32\WINMM.dll
0x00007ffe7d6d0000 - 0x00007ffe7d6fd000 	C:\Windows\SYSTEM32\WINMMBASE.dll
0x00007ffe7ff50000 - 0x00007ffe7ff9a000 	C:\Windows\System32\cfgmgr32.dll
0x00007ffe7fb10000 - 0x00007ffe7fb21000 	C:\Windows\System32\kernel.appcore.dll
0x00007ffe762a0000 - 0x00007ffe762b1000 	C:\Program Files\Java\jdk-11.0.7\bin\verify.dll
0x00007ffe77340000 - 0x00007ffe77534000 	C:\Windows\SYSTEM32\DBGHELP.DLL
0x00007ffe77ba0000 - 0x00007ffe77bca000 	C:\Windows\SYSTEM32\dbgcore.DLL
0x00007ffe716d0000 - 0x00007ffe716f9000 	C:\Program Files\Java\jdk-11.0.7\bin\java.dll
0x00007ffe7b3f0000 - 0x00007ffe7b3fa000 	C:\Program Files\Java\jdk-11.0.7\bin\jimage.dll
0x00007ffe71650000 - 0x00007ffe71666000 	C:\Program Files\Java\jdk-11.0.7\bin\zip.dll
0x00007ffe823e0000 - 0x00007ffe82ac5000 	C:\Windows\System32\SHELL32.dll
0x00007ffe82ad0000 - 0x00007ffe82b79000 	C:\Windows\System32\shcore.dll
0x00007ffe802d0000 - 0x00007ffe80a50000 	C:\Windows\System32\windows.storage.dll
0x00007ffe7fb50000 - 0x00007ffe7fb73000 	C:\Windows\System32\profapi.dll
0x00007ffe7fb80000 - 0x00007ffe7fbca000 	C:\Windows\System32\powrprof.dll
0x00007ffe7fb00000 - 0x00007ffe7fb10000 	C:\Windows\System32\UMPDC.dll
0x00007ffe82160000 - 0x00007ffe821b2000 	C:\Windows\System32\shlwapi.dll
0x00007ffe7fbd0000 - 0x00007ffe7fbe7000 	C:\Windows\System32\cryptsp.dll
0x00007ffe71630000 - 0x00007ffe71649000 	C:\Program Files\Java\jdk-11.0.7\bin\net.dll
0x00007ffe7a120000 - 0x00007ffe7a210000 	C:\Windows\SYSTEM32\WINHTTP.dll
0x00007ffe7f310000 - 0x00007ffe7f377000 	C:\Windows\system32\mswsock.dll
0x00007ffe71440000 - 0x00007ffe71453000 	C:\Program Files\Java\jdk-11.0.7\bin\nio.dll
0x00007ffe5bd50000 - 0x00007ffe5bd59000 	C:\Program Files\Java\jdk-11.0.7\bin\management.dll
0x00007ffe5bd40000 - 0x00007ffe5bd4c000 	C:\Program Files\Java\jdk-11.0.7\bin\management_ext.dll
0x00007ffe6a710000 - 0x00007ffe6a726000 	C:\Windows\system32\napinsp.dll
0x00007ffe6a4c0000 - 0x00007ffe6a4da000 	C:\Windows\system32\pnrpnsp.dll
0x00007ffe7f060000 - 0x00007ffe7f12a000 	C:\Windows\SYSTEM32\DNSAPI.dll
0x00007ffe813e0000 - 0x00007ffe813e8000 	C:\Windows\System32\NSI.dll
0x00007ffe7f020000 - 0x00007ffe7f05a000 	C:\Windows\SYSTEM32\IPHLPAPI.DLL
0x00007ffe67e70000 - 0x00007ffe67e7e000 	C:\Windows\System32\winrnr.dll
0x00007ffe7c360000 - 0x00007ffe7c37c000 	C:\Windows\system32\NLAapi.dll
0x00007ffe7a860000 - 0x00007ffe7a875000 	C:\Windows\system32\wshbth.dll
0x00007ffe77d30000 - 0x00007ffe77d3a000 	C:\Windows\System32\rasadhlp.dll
0x00007ffe76b50000 - 0x00007ffe76bc7000 	C:\Windows\System32\fwpuclnt.dll
0x00007ffe80000000 - 0x00007ffe80026000 	C:\Windows\System32\bcrypt.dll
0x00007ffe7ee80000 - 0x00007ffe7eeb3000 	C:\Windows\system32\rsaenh.dll
0x00007ffe7fa20000 - 0x00007ffe7fa45000 	C:\Windows\SYSTEM32\USERENV.dll
0x00007ffe7f4e0000 - 0x00007ffe7f4ec000 	C:\Windows\SYSTEM32\CRYPTBASE.dll
0x00007ffe77c00000 - 0x00007ffe77c16000 	C:\Windows\SYSTEM32\dhcpcsvc6.DLL
0x00007ffe78070000 - 0x00007ffe7808c000 	C:\Windows\SYSTEM32\dhcpcsvc.DLL

dbghelp: loaded successfully - version: 4.0.5 - missing functions: none
symbol engine: initialized successfully - sym options: 0x614 - pdb path: .;C:\Program Files\Java\jdk-11.0.7\bin;C:\Windows\SYSTEM32;C:\Program Files\Avast Software\Avast;C:\Windows\WinSxS\amd64_microsoft.windows.common-controls_6595b64144ccf1df_6.0.18362.778_none_e6c6b761130d4fb8;C:\Program Files\Java\jdk-11.0.7\bin\server

VM Arguments:
jvm_args: -Dcom.sun.management.jmxremote -Dcom.sun.management.jmxremote.port=56598 -Dcom.sun.management.jmxremote.authenticate=false -Dcom.sun.management.jmxremote.ssl=false -Djava.rmi.server.hostname=localhost -Dspring.jmx.enabled=true -Dspring.liveBeansView.mbeanDomain -Dspring.application.admin.enabled=true -Xverify:none -XX:TieredStopAtLevel=1 -Dspring.boot.project.name=cursomc -Dfile.encoding=UTF-8 
java_command: com.nelioalves.cursomc.CursomcApplication --spring.output.ansi.enabled=always
java_class_path (initial): D:\Robson\Cursos\UDEMY\Spring Boot com Ionic\Secao 3 - Operacoes de CRUD\temp\ws\cursomc\target\classes;C:\Users\robso\.m2\repository\org\springframework\boot\spring-boot-starter-web\2.0.0.RELEASE\spring-boot-starter-web-2.0.0.RELEASE.jar;C:\Users\robso\.m2\repository\org\springframework\boot\spring-boot-starter\2.0.0.RELEASE\spring-boot-starter-2.0.0.RELEASE.jar;C:\Users\robso\.m2\repository\org\springframework\boot\spring-boot-starter-logging\2.0.0.RELEASE\spring-boot-starter-logging-2.0.0.RELEASE.jar;C:\Users\robso\.m2\repository\ch\qos\logback\logback-classic\1.2.3\logback-classic-1.2.3.jar;C:\Users\robso\.m2\repository\ch\qos\logback\logback-core\1.2.3\logback-core-1.2.3.jar;C:\Users\robso\.m2\repository\org\apache\logging\log4j\log4j-to-slf4j\2.10.0\log4j-to-slf4j-2.10.0.jar;C:\Users\robso\.m2\repository\org\apache\logging\log4j\log4j-api\2.10.0\log4j-api-2.10.0.jar;C:\Users\robso\.m2\repository\org\slf4j\jul-to-slf4j\1.7.25\jul-to-slf4j-1.7.25.jar;C:\Users\robso\.m2\repository\javax\annotation\javax.annotation-api\1.3.2\javax.annotation-api-1.3.2.jar;C:\Users\robso\.m2\repository\org\yaml\snakeyaml\1.19\snakeyaml-1.19.jar;C:\Users\robso\.m2\repository\org\springframework\boot\spring-boot-starter-json\2.0.0.RELEASE\spring-boot-starter-json-2.0.0.RELEASE.jar;C:\Users\robso\.m2\repository\com\fasterxml\jackson\datatype\jackson-datatype-jdk8\2.9.4\jackson-datatype-jdk8-2.9.4.jar;C:\Users\robso\.m2\repository\com\fasterxml\jackson\datatype\jackson-datatype-jsr310\2.9.4\jackson-datatype-jsr310-2.9.4.jar;C:\Users\robso\.m2\repository\com\fasterxml\jackson\module\jackson-module-parameter-names\2.9.4\jackson-module-parameter-names-2.9.4.jar;C:\Users\robso\.m2\repository\org\springframework\boot\spring-boot-starter-tomcat\2.0.0.RELEASE\spring-boot-starter-tomcat-2.0.0.RELEASE.jar;C:\Users\robso\.m2\repository\org\apache\tomcat\embed\tomcat-embed-core\8.5.28\tomcat-embed-core-8.5.28.jar;C:\Users\robso\.m2\repository\org\apache\tomcat\embed\t
Launcher Type: SUN_STANDARD

[Global flags]
     bool BytecodeVerificationLocal                = false                                     {product} {command line}
     bool BytecodeVerificationRemote               = false                                     {product} {command line}
     intx CICompilerCount                          = 4                                         {product} {ergonomic}
     uint ConcGCThreads                            = 2                                         {product} {ergonomic}
     uint G1ConcRefinementThreads                  = 8                                         {product} {ergonomic}
   size_t G1HeapRegionSize                         = 1048576                                   {product} {ergonomic}
    uintx GCDrainStackTargetSize                   = 64                                        {product} {ergonomic}
   size_t InitialHeapSize                          = 132120576                                 {product} {ergonomic}
     bool ManagementServer                         = true                                      {product} {command line}
   size_t MarkStackSize                            = 4194304                                   {product} {ergonomic}
   size_t MaxHeapSize                              = 2109734912                                {product} {ergonomic}
   size_t MaxNewSize                               = 1265631232                                {product} {ergonomic}
   size_t MinHeapDeltaBytes                        = 1048576                                   {product} {ergonomic}
    uintx NonNMethodCodeHeapSize                   = 7549744                                {pd product} {ergonomic}
    uintx NonProfiledCodeHeapSize                  = 244108496                              {pd product} {ergonomic}
    uintx ProfiledCodeHeapSize                     = 0                                      {pd product} {ergonomic}
    uintx ReservedCodeCacheSize                    = 251658240                              {pd product} {ergonomic}
     bool SegmentedCodeCache                       = true                                      {product} {ergonomic}
     intx TieredStopAtLevel                        = 1                                         {product} {command line}
     bool UseCompressedClassPointers               = true                                 {lp64_product} {ergonomic}
     bool UseCompressedOops                        = true                                 {lp64_product} {ergonomic}
     bool UseG1GC                                  = true                                      {product} {ergonomic}
     bool UseLargePagesIndividualAllocation        = false                                  {pd product} {ergonomic}

Logging:
Log output configuration:
 #0: stdout all=warning uptime,level,tags
 #1: stderr all=off uptime,level,tags

Environment Variables:
JAVA_HOME=C:\Program Files\Java\jdk-11.0.7
PATH=C:/Program Files/Java/jdk-11.0.7/bin/server;C:/Program Files/Java/jdk-11.0.7/bin;C:\Windows\system32;C:\Windows;C:\Windows\System32\Wbem;C:\Windows\System32\WindowsPowerShell\v1.0\;C:\Windows\System32\OpenSSH\;C:\Program Files\Java\jdk-11.0.7\bin;C:\Users\robso\AppData\Local\Microsoft\WindowsApps;D:\xampp\mysql\bin;C:\Program Files\heroku\bin;;D:\Robson\Cursos\UDEMY\Spring Boot com Ionic\STS\sts-4.6.1.RELEASE;
USERNAME=robso
OS=Windows_NT
PROCESSOR_IDENTIFIER=Intel64 Family 6 Model 142 Stepping 12, GenuineIntel



---------------  S Y S T E M  ---------------

OS: Windows 10 , 64 bit Build 18362 (10.0.18362.778)

CPU:total 8 (initial active 8) (4 cores per cpu, 2 threads per core) family 6 model 142 stepping 12, cmov, cx8, fxsr, mmx, sse, sse2, sse3, ssse3, sse4.1, sse4.2, popcnt, avx, avx2, aes, clmul, erms, 3dnowpref, lzcnt, ht, tsc, tscinvbit, bmi1, bmi2, adx, fma

Memory: 4k page, system-wide physical 8040M (1806M free)
TotalPageFile size 9640M (AvailPageFile size 2141M)
current process WorkingSet (physical memory assigned to process): 88M, peak: 88M
current process commit charge ("private bytes"): 221M, peak: 221M

vm_info: Java HotSpot(TM) 64-Bit Server VM (11.0.7+8-LTS) for windows-amd64 JRE (11.0.7+8-LTS), built on Mar 12 2020 02:04:32 by "mach5one" with MS VC++ 15.5 (VS2017)

END.
